{"C:\\Users\\Renan\\Desktop\\desafio-RenanSilveira01-2024\\desafio-RenanSilveira1-2024\\StartDB2024\\src\\animal.js": {"path":"C:\\Users\\Renan\\Desktop\\desafio-RenanSilveira01-2024\\desafio-RenanSilveira1-2024\\StartDB2024\\src\\animal.js","all":false,"statementMap":{"0":{"start":{"line":1,"column":0},"end":{"line":1,"column":14}},"1":{"start":{"line":2,"column":0},"end":{"line":2,"column":54}},"2":{"start":{"line":3,"column":0},"end":{"line":3,"column":31}},"3":{"start":{"line":4,"column":0},"end":{"line":4,"column":31}},"4":{"start":{"line":5,"column":0},"end":{"line":5,"column":29}},"5":{"start":{"line":6,"column":0},"end":{"line":6,"column":35}},"6":{"start":{"line":7,"column":0},"end":{"line":7,"column":5}},"7":{"start":{"line":8,"column":0},"end":{"line":8,"column":0}},"8":{"start":{"line":9,"column":0},"end":{"line":9,"column":29}},"9":{"start":{"line":10,"column":0},"end":{"line":10,"column":43}},"10":{"start":{"line":11,"column":0},"end":{"line":11,"column":5}},"11":{"start":{"line":12,"column":0},"end":{"line":12,"column":1}},"12":{"start":{"line":13,"column":0},"end":{"line":13,"column":0}},"13":{"start":{"line":14,"column":0},"end":{"line":14,"column":18}}},"s":{"0":1,"1":1,"2":30,"3":30,"4":30,"5":30,"6":30,"7":1,"8":1,"9":15,"10":15,"11":1,"12":1,"13":1},"branchMap":{"0":{"type":"branch","line":2,"loc":{"start":{"line":2,"column":4},"end":{"line":7,"column":5}},"locations":[{"start":{"line":2,"column":4},"end":{"line":7,"column":5}}]},"1":{"type":"branch","line":9,"loc":{"start":{"line":9,"column":4},"end":{"line":11,"column":5}},"locations":[{"start":{"line":9,"column":4},"end":{"line":11,"column":5}}]}},"b":{"0":[30],"1":[15]},"fnMap":{"0":{"name":"Animal","decl":{"start":{"line":2,"column":4},"end":{"line":7,"column":5}},"loc":{"start":{"line":2,"column":4},"end":{"line":7,"column":5}},"line":2},"1":{"name":"biomaConfortavel","decl":{"start":{"line":9,"column":4},"end":{"line":11,"column":5}},"loc":{"start":{"line":9,"column":4},"end":{"line":11,"column":5}},"line":9}},"f":{"0":30,"1":15}}
,"C:\\Users\\Renan\\Desktop\\desafio-RenanSilveira01-2024\\desafio-RenanSilveira1-2024\\StartDB2024\\src\\recinto.js": {"path":"C:\\Users\\Renan\\Desktop\\desafio-RenanSilveira01-2024\\desafio-RenanSilveira1-2024\\StartDB2024\\src\\recinto.js","all":false,"statementMap":{"0":{"start":{"line":1,"column":0},"end":{"line":1,"column":15}},"1":{"start":{"line":2,"column":0},"end":{"line":2,"column":60}},"2":{"start":{"line":3,"column":0},"end":{"line":3,"column":29}},"3":{"start":{"line":4,"column":0},"end":{"line":4,"column":27}},"4":{"start":{"line":5,"column":0},"end":{"line":5,"column":41}},"5":{"start":{"line":6,"column":0},"end":{"line":6,"column":31}},"6":{"start":{"line":7,"column":0},"end":{"line":7,"column":5}},"7":{"start":{"line":8,"column":0},"end":{"line":8,"column":0}},"8":{"start":{"line":9,"column":0},"end":{"line":9,"column":38}},"9":{"start":{"line":10,"column":0},"end":{"line":10,"column":56}},"10":{"start":{"line":11,"column":0},"end":{"line":11,"column":83}},"11":{"start":{"line":12,"column":0},"end":{"line":12,"column":14}},"12":{"start":{"line":13,"column":0},"end":{"line":13,"column":5}},"13":{"start":{"line":14,"column":0},"end":{"line":14,"column":0}},"14":{"start":{"line":15,"column":0},"end":{"line":15,"column":40}},"15":{"start":{"line":16,"column":0},"end":{"line":16,"column":76}},"16":{"start":{"line":17,"column":0},"end":{"line":17,"column":5}},"17":{"start":{"line":18,"column":0},"end":{"line":18,"column":1}},"18":{"start":{"line":19,"column":0},"end":{"line":19,"column":0}},"19":{"start":{"line":20,"column":0},"end":{"line":20,"column":19}}},"s":{"0":1,"1":1,"2":25,"3":25,"4":25,"5":25,"6":25,"7":1,"8":1,"9":7,"10":4,"11":7,"12":7,"13":1,"14":1,"15":4,"16":4,"17":1,"18":1,"19":1},"branchMap":{"0":{"type":"branch","line":2,"loc":{"start":{"line":2,"column":4},"end":{"line":7,"column":5}},"locations":[{"start":{"line":2,"column":4},"end":{"line":7,"column":5}}]},"1":{"type":"branch","line":9,"loc":{"start":{"line":9,"column":4},"end":{"line":13,"column":5}},"locations":[{"start":{"line":9,"column":4},"end":{"line":13,"column":5}}]},"2":{"type":"branch","line":10,"loc":{"start":{"line":10,"column":35},"end":{"line":12,"column":9}},"locations":[{"start":{"line":10,"column":35},"end":{"line":12,"column":9}}]},"3":{"type":"branch","line":15,"loc":{"start":{"line":15,"column":4},"end":{"line":17,"column":5}},"locations":[{"start":{"line":15,"column":4},"end":{"line":17,"column":5}}]},"4":{"type":"branch","line":16,"loc":{"start":{"line":16,"column":33},"end":{"line":16,"column":74}},"locations":[{"start":{"line":16,"column":33},"end":{"line":16,"column":74}}]}},"b":{"0":[25],"1":[7],"2":[4],"3":[4],"4":[4]},"fnMap":{"0":{"name":"Recinto","decl":{"start":{"line":2,"column":4},"end":{"line":7,"column":5}},"loc":{"start":{"line":2,"column":4},"end":{"line":7,"column":5}},"line":2},"1":{"name":"calculaEspacoOcupado","decl":{"start":{"line":9,"column":4},"end":{"line":13,"column":5}},"loc":{"start":{"line":9,"column":4},"end":{"line":13,"column":5}},"line":9},"2":{"name":"verificaOutraEspecie","decl":{"start":{"line":15,"column":4},"end":{"line":17,"column":5}},"loc":{"start":{"line":15,"column":4},"end":{"line":17,"column":5}},"line":15}},"f":{"0":25,"1":7,"2":4}}
,"C:\\Users\\Renan\\Desktop\\desafio-RenanSilveira01-2024\\desafio-RenanSilveira1-2024\\StartDB2024\\src\\recintos-zoo.js": {"path":"C:\\Users\\Renan\\Desktop\\desafio-RenanSilveira01-2024\\desafio-RenanSilveira1-2024\\StartDB2024\\src\\recintos-zoo.js","all":false,"statementMap":{"0":{"start":{"line":1,"column":0},"end":{"line":1,"column":39}},"1":{"start":{"line":2,"column":0},"end":{"line":2,"column":37}},"2":{"start":{"line":3,"column":0},"end":{"line":3,"column":0}},"3":{"start":{"line":4,"column":0},"end":{"line":4,"column":19}},"4":{"start":{"line":5,"column":0},"end":{"line":5,"column":0}},"5":{"start":{"line":6,"column":0},"end":{"line":6,"column":19}},"6":{"start":{"line":7,"column":0},"end":{"line":7,"column":25}},"7":{"start":{"line":8,"column":0},"end":{"line":8,"column":81}},"8":{"start":{"line":9,"column":0},"end":{"line":9,"column":46}},"9":{"start":{"line":10,"column":0},"end":{"line":10,"column":86}},"10":{"start":{"line":11,"column":0},"end":{"line":11,"column":41}},"11":{"start":{"line":12,"column":0},"end":{"line":12,"column":77}},"12":{"start":{"line":13,"column":0},"end":{"line":13,"column":10}},"13":{"start":{"line":14,"column":0},"end":{"line":14,"column":0}},"14":{"start":{"line":15,"column":0},"end":{"line":15,"column":24}},"15":{"start":{"line":16,"column":0},"end":{"line":16,"column":58}},"16":{"start":{"line":17,"column":0},"end":{"line":17,"column":66}},"17":{"start":{"line":18,"column":0},"end":{"line":18,"column":65}},"18":{"start":{"line":19,"column":0},"end":{"line":19,"column":75}},"19":{"start":{"line":20,"column":0},"end":{"line":20,"column":63}},"20":{"start":{"line":21,"column":0},"end":{"line":21,"column":77}},"21":{"start":{"line":22,"column":0},"end":{"line":22,"column":10}},"22":{"start":{"line":23,"column":0},"end":{"line":23,"column":5}},"23":{"start":{"line":24,"column":0},"end":{"line":24,"column":0}},"24":{"start":{"line":25,"column":0},"end":{"line":25,"column":42}},"25":{"start":{"line":26,"column":0},"end":{"line":26,"column":0}},"26":{"start":{"line":27,"column":0},"end":{"line":27,"column":37}},"27":{"start":{"line":28,"column":0},"end":{"line":28,"column":47}},"28":{"start":{"line":29,"column":0},"end":{"line":29,"column":9}},"29":{"start":{"line":30,"column":0},"end":{"line":30,"column":0}},"30":{"start":{"line":31,"column":0},"end":{"line":31,"column":64}},"31":{"start":{"line":32,"column":0},"end":{"line":32,"column":51}},"32":{"start":{"line":33,"column":0},"end":{"line":33,"column":9}},"33":{"start":{"line":34,"column":0},"end":{"line":34,"column":0}},"34":{"start":{"line":35,"column":0},"end":{"line":35,"column":45}},"35":{"start":{"line":36,"column":0},"end":{"line":36,"column":61}},"36":{"start":{"line":37,"column":0},"end":{"line":37,"column":0}},"37":{"start":{"line":38,"column":0},"end":{"line":38,"column":33}},"38":{"start":{"line":39,"column":0},"end":{"line":39,"column":0}},"39":{"start":{"line":40,"column":0},"end":{"line":40,"column":44}},"40":{"start":{"line":41,"column":0},"end":{"line":41,"column":0}},"41":{"start":{"line":42,"column":0},"end":{"line":42,"column":58}},"42":{"start":{"line":43,"column":0},"end":{"line":43,"column":25}},"43":{"start":{"line":44,"column":0},"end":{"line":44,"column":13}},"44":{"start":{"line":45,"column":0},"end":{"line":45,"column":0}},"45":{"start":{"line":46,"column":0},"end":{"line":46,"column":75}},"46":{"start":{"line":47,"column":0},"end":{"line":47,"column":0}},"47":{"start":{"line":48,"column":0},"end":{"line":48,"column":106}},"48":{"start":{"line":49,"column":0},"end":{"line":49,"column":25}},"49":{"start":{"line":50,"column":0},"end":{"line":50,"column":13}},"50":{"start":{"line":51,"column":0},"end":{"line":51,"column":0}},"51":{"start":{"line":52,"column":0},"end":{"line":52,"column":79}},"52":{"start":{"line":53,"column":0},"end":{"line":53,"column":25}},"53":{"start":{"line":54,"column":0},"end":{"line":54,"column":13}},"54":{"start":{"line":55,"column":0},"end":{"line":55,"column":0}},"55":{"start":{"line":56,"column":0},"end":{"line":56,"column":91}},"56":{"start":{"line":57,"column":0},"end":{"line":57,"column":25}},"57":{"start":{"line":58,"column":0},"end":{"line":58,"column":13}},"58":{"start":{"line":59,"column":0},"end":{"line":59,"column":0}},"59":{"start":{"line":60,"column":0},"end":{"line":60,"column":57}},"60":{"start":{"line":61,"column":0},"end":{"line":61,"column":86}},"61":{"start":{"line":62,"column":0},"end":{"line":62,"column":43}},"62":{"start":{"line":63,"column":0},"end":{"line":63,"column":13}},"63":{"start":{"line":64,"column":0},"end":{"line":64,"column":0}},"64":{"start":{"line":65,"column":0},"end":{"line":65,"column":91}},"65":{"start":{"line":66,"column":0},"end":{"line":66,"column":0}},"66":{"start":{"line":67,"column":0},"end":{"line":67,"column":35}},"67":{"start":{"line":68,"column":0},"end":{"line":68,"column":128}},"68":{"start":{"line":69,"column":0},"end":{"line":69,"column":13}},"69":{"start":{"line":70,"column":0},"end":{"line":70,"column":9}},"70":{"start":{"line":71,"column":0},"end":{"line":71,"column":0}},"71":{"start":{"line":72,"column":0},"end":{"line":72,"column":43}},"72":{"start":{"line":73,"column":0},"end":{"line":73,"column":53}},"73":{"start":{"line":74,"column":0},"end":{"line":74,"column":9}},"74":{"start":{"line":75,"column":0},"end":{"line":75,"column":0}},"75":{"start":{"line":76,"column":0},"end":{"line":76,"column":35}},"76":{"start":{"line":77,"column":0},"end":{"line":77,"column":5}},"77":{"start":{"line":78,"column":0},"end":{"line":78,"column":1}},"78":{"start":{"line":79,"column":0},"end":{"line":79,"column":0}},"79":{"start":{"line":80,"column":0},"end":{"line":80,"column":38}}},"s":{"0":1,"1":1,"2":1,"3":1,"4":1,"5":1,"6":5,"7":5,"8":5,"9":5,"10":5,"11":5,"12":5,"13":5,"14":5,"15":5,"16":5,"17":5,"18":5,"19":5,"20":5,"21":5,"22":5,"23":1,"24":1,"25":5,"26":5,"27":1,"28":1,"29":4,"30":5,"31":1,"32":1,"33":3,"34":3,"35":3,"36":3,"37":3,"38":3,"39":5,"40":15,"41":15,"42":8,"43":8,"44":7,"45":7,"46":7,"47":15,"48":0,"49":0,"50":7,"51":15,"52":0,"53":0,"54":7,"55":15,"56":0,"57":0,"58":7,"59":7,"60":15,"61":2,"62":2,"63":7,"64":7,"65":7,"66":15,"67":4,"68":4,"69":15,"70":3,"71":5,"72":1,"73":1,"74":2,"75":2,"76":2,"77":1,"78":1,"79":1},"branchMap":{"0":{"type":"branch","line":6,"loc":{"start":{"line":6,"column":4},"end":{"line":23,"column":5}},"locations":[{"start":{"line":6,"column":4},"end":{"line":23,"column":5}}]},"1":{"type":"branch","line":25,"loc":{"start":{"line":25,"column":4},"end":{"line":77,"column":5}},"locations":[{"start":{"line":25,"column":4},"end":{"line":77,"column":5}}]},"2":{"type":"branch","line":27,"loc":{"start":{"line":27,"column":36},"end":{"line":29,"column":9}},"locations":[{"start":{"line":27,"column":36},"end":{"line":29,"column":9}}]},"3":{"type":"branch","line":29,"loc":{"start":{"line":29,"column":8},"end":{"line":31,"column":61}},"locations":[{"start":{"line":29,"column":8},"end":{"line":31,"column":61}}]},"4":{"type":"branch","line":31,"loc":{"start":{"line":31,"column":63},"end":{"line":33,"column":9}},"locations":[{"start":{"line":31,"column":63},"end":{"line":33,"column":9}}]},"5":{"type":"branch","line":33,"loc":{"start":{"line":33,"column":8},"end":{"line":40,"column":43}},"locations":[{"start":{"line":33,"column":8},"end":{"line":40,"column":43}}]},"6":{"type":"branch","line":40,"loc":{"start":{"line":40,"column":43},"end":{"line":70,"column":9}},"locations":[{"start":{"line":40,"column":43},"end":{"line":70,"column":9}}]},"7":{"type":"branch","line":42,"loc":{"start":{"line":42,"column":57},"end":{"line":44,"column":13}},"locations":[{"start":{"line":42,"column":57},"end":{"line":44,"column":13}}]},"8":{"type":"branch","line":44,"loc":{"start":{"line":44,"column":12},"end":{"line":48,"column":36}},"locations":[{"start":{"line":44,"column":12},"end":{"line":48,"column":36}}]},"9":{"type":"branch","line":48,"loc":{"start":{"line":48,"column":32},"end":{"line":48,"column":62}},"locations":[{"start":{"line":48,"column":32},"end":{"line":48,"column":62}}]},"10":{"type":"branch","line":48,"loc":{"start":{"line":48,"column":62},"end":{"line":48,"column":103}},"locations":[{"start":{"line":48,"column":62},"end":{"line":48,"column":103}}]},"11":{"type":"branch","line":48,"loc":{"start":{"line":48,"column":105},"end":{"line":50,"column":13}},"locations":[{"start":{"line":48,"column":105},"end":{"line":50,"column":13}}]},"12":{"type":"branch","line":50,"loc":{"start":{"line":50,"column":12},"end":{"line":52,"column":44}},"locations":[{"start":{"line":50,"column":12},"end":{"line":52,"column":44}}]},"13":{"type":"branch","line":52,"loc":{"start":{"line":52,"column":40},"end":{"line":52,"column":76}},"locations":[{"start":{"line":52,"column":40},"end":{"line":52,"column":76}}]},"14":{"type":"branch","line":52,"loc":{"start":{"line":52,"column":78},"end":{"line":54,"column":13}},"locations":[{"start":{"line":52,"column":78},"end":{"line":54,"column":13}}]},"15":{"type":"branch","line":54,"loc":{"start":{"line":54,"column":12},"end":{"line":56,"column":40}},"locations":[{"start":{"line":54,"column":12},"end":{"line":56,"column":40}}]},"16":{"type":"branch","line":56,"loc":{"start":{"line":56,"column":36},"end":{"line":56,"column":56}},"locations":[{"start":{"line":56,"column":36},"end":{"line":56,"column":56}}]},"17":{"type":"branch","line":56,"loc":{"start":{"line":56,"column":56},"end":{"line":56,"column":88}},"locations":[{"start":{"line":56,"column":56},"end":{"line":56,"column":88}}]},"18":{"type":"branch","line":56,"loc":{"start":{"line":56,"column":90},"end":{"line":58,"column":13}},"locations":[{"start":{"line":56,"column":90},"end":{"line":58,"column":13}}]},"19":{"type":"branch","line":58,"loc":{"start":{"line":58,"column":12},"end":{"line":61,"column":46}},"locations":[{"start":{"line":58,"column":12},"end":{"line":61,"column":46}}]},"20":{"type":"branch","line":61,"loc":{"start":{"line":61,"column":42},"end":{"line":61,"column":83}},"locations":[{"start":{"line":61,"column":42},"end":{"line":61,"column":83}}]},"21":{"type":"branch","line":61,"loc":{"start":{"line":61,"column":85},"end":{"line":63,"column":13}},"locations":[{"start":{"line":61,"column":85},"end":{"line":63,"column":13}}]},"22":{"type":"branch","line":63,"loc":{"start":{"line":63,"column":12},"end":{"line":67,"column":34}},"locations":[{"start":{"line":63,"column":12},"end":{"line":67,"column":34}}]},"23":{"type":"branch","line":67,"loc":{"start":{"line":67,"column":34},"end":{"line":69,"column":13}},"locations":[{"start":{"line":67,"column":34},"end":{"line":69,"column":13}}]},"24":{"type":"branch","line":70,"loc":{"start":{"line":70,"column":8},"end":{"line":72,"column":42}},"locations":[{"start":{"line":70,"column":8},"end":{"line":72,"column":42}}]},"25":{"type":"branch","line":72,"loc":{"start":{"line":72,"column":42},"end":{"line":74,"column":9}},"locations":[{"start":{"line":72,"column":42},"end":{"line":74,"column":9}}]},"26":{"type":"branch","line":74,"loc":{"start":{"line":74,"column":8},"end":{"line":77,"column":5}},"locations":[{"start":{"line":74,"column":8},"end":{"line":77,"column":5}}]}},"b":{"0":[5],"1":[5],"2":[1],"3":[4],"4":[1],"5":[3],"6":[15],"7":[8],"8":[7],"9":[1],"10":[0],"11":[0],"12":[7],"13":[0],"14":[0],"15":[7],"16":[6],"17":[0],"18":[0],"19":[7],"20":[4],"21":[2],"22":[7],"23":[4],"24":[3],"25":[1],"26":[2]},"fnMap":{"0":{"name":"RecintosZoo","decl":{"start":{"line":6,"column":4},"end":{"line":23,"column":5}},"loc":{"start":{"line":6,"column":4},"end":{"line":23,"column":5}},"line":6},"1":{"name":"analisaRecintos","decl":{"start":{"line":25,"column":4},"end":{"line":77,"column":5}},"loc":{"start":{"line":25,"column":4},"end":{"line":77,"column":5}},"line":25}},"f":{"0":5,"1":5}}
}
