{"C:\\Users\\Renan\\Desktop\\desafio-RenanSilveira01-2024\\desafio-RenanSilveira1-2024\\StartDB2024\\src\\recintos-zoo.js": {"path":"C:\\Users\\Renan\\Desktop\\desafio-RenanSilveira01-2024\\desafio-RenanSilveira1-2024\\StartDB2024\\src\\recintos-zoo.js","all":false,"statementMap":{"0":{"start":{"line":1,"column":0},"end":{"line":1,"column":19}},"1":{"start":{"line":2,"column":0},"end":{"line":2,"column":0}},"2":{"start":{"line":3,"column":0},"end":{"line":3,"column":41}},"3":{"start":{"line":4,"column":0},"end":{"line":4,"column":5}},"4":{"start":{"line":5,"column":0},"end":{"line":5,"column":0}},"5":{"start":{"line":6,"column":0},"end":{"line":6,"column":1}},"6":{"start":{"line":7,"column":0},"end":{"line":7,"column":0}},"7":{"start":{"line":8,"column":0},"end":{"line":8,"column":38}}},"s":{"0":1,"1":1,"2":1,"3":5,"4":1,"5":1,"6":1,"7":1},"branchMap":{"0":{"type":"branch","line":3,"loc":{"start":{"line":3,"column":4},"end":{"line":4,"column":5}},"locations":[{"start":{"line":3,"column":4},"end":{"line":4,"column":5}}]}},"b":{"0":[5]},"fnMap":{"0":{"name":"analisaRecintos","decl":{"start":{"line":3,"column":4},"end":{"line":4,"column":5}},"loc":{"start":{"line":3,"column":4},"end":{"line":4,"column":5}},"line":3}},"f":{"0":5}}
}
