TN:
SF:src\animal.js
FN:2,Animal
FN:9,biomaConfortavel
FNF:2
FNH:2
FNDA:30,Animal
FNDA:15,biomaConfortavel
DA:1,1
DA:2,1
DA:3,30
DA:4,30
DA:5,30
DA:6,30
DA:7,30
DA:8,1
DA:9,1
DA:10,15
DA:11,15
DA:12,1
DA:13,1
DA:14,1
LF:14
LH:14
BRDA:2,0,0,30
BRDA:9,1,0,15
BRF:2
BRH:2
end_of_record
TN:
SF:src\recinto.js
FN:2,Recinto
FN:9,calculaEspacoOcupado
FN:15,verificaOutraEspecie
FNF:3
FNH:3
FNDA:25,Recinto
FNDA:7,calculaEspacoOcupado
FNDA:4,verificaOutraEspecie
DA:1,1
DA:2,1
DA:3,25
DA:4,25
DA:5,25
DA:6,25
DA:7,25
DA:8,1
DA:9,1
DA:10,7
DA:11,4
DA:12,7
DA:13,7
DA:14,1
DA:15,1
DA:16,4
DA:17,4
DA:18,1
DA:19,1
DA:20,1
LF:20
LH:20
BRDA:2,0,0,25
BRDA:9,1,0,7
BRDA:10,2,0,4
BRDA:15,3,0,4
BRDA:16,4,0,4
BRF:5
BRH:5
end_of_record
TN:
SF:src\recintos-zoo.js
FN:6,RecintosZoo
FN:25,analisaRecintos
FNF:2
FNH:2
FNDA:5,RecintosZoo
FNDA:5,analisaRecintos
DA:1,1
DA:2,1
DA:3,1
DA:4,1
DA:5,1
DA:6,1
DA:7,5
DA:8,5
DA:9,5
DA:10,5
DA:11,5
DA:12,5
DA:13,5
DA:14,5
DA:15,5
DA:16,5
DA:17,5
DA:18,5
DA:19,5
DA:20,5
DA:21,5
DA:22,5
DA:23,5
DA:24,1
DA:25,1
DA:26,5
DA:27,5
DA:28,1
DA:29,1
DA:30,4
DA:31,5
DA:32,1
DA:33,1
DA:34,3
DA:35,3
DA:36,3
DA:37,3
DA:38,3
DA:39,3
DA:40,5
DA:41,15
DA:42,15
DA:43,8
DA:44,8
DA:45,7
DA:46,7
DA:47,7
DA:48,15
DA:49,0
DA:50,0
DA:51,7
DA:52,15
DA:53,0
DA:54,0
DA:55,7
DA:56,15
DA:57,0
DA:58,0
DA:59,7
DA:60,7
DA:61,15
DA:62,2
DA:63,2
DA:64,7
DA:65,7
DA:66,7
DA:67,15
DA:68,4
DA:69,4
DA:70,15
DA:71,3
DA:72,5
DA:73,1
DA:74,1
DA:75,2
DA:76,2
DA:77,2
DA:78,1
DA:79,1
DA:80,1
LF:80
LH:74
BRDA:6,0,0,5
BRDA:25,1,0,5
BRDA:27,2,0,1
BRDA:29,3,0,4
BRDA:31,4,0,1
BRDA:33,5,0,3
BRDA:40,6,0,15
BRDA:42,7,0,8
BRDA:44,8,0,7
BRDA:48,9,0,1
BRDA:48,10,0,0
BRDA:48,11,0,0
BRDA:50,12,0,7
BRDA:52,13,0,0
BRDA:52,14,0,0
BRDA:54,15,0,7
BRDA:56,16,0,6
BRDA:56,17,0,0
BRDA:56,18,0,0
BRDA:58,19,0,7
BRDA:61,20,0,4
BRDA:61,21,0,2
BRDA:63,22,0,7
BRDA:67,23,0,4
BRDA:70,24,0,3
BRDA:72,25,0,1
BRDA:74,26,0,2
BRF:27
BRH:21
end_of_record
